200 	| 5 		| 0 	| 1
--------+-------+-------+-------+
199 	| 5 		| 5 	| 2
--------+-------+-------+-------+
198 	| 5 		| 10 	| 3
--------+-------+-------+-------+
197 	| 5 		| 15 	| 4
--------+-------+-------+-------+
196 	| 5 		| 20 	| 5
--------+-------+-------+-------+
195 	| 5 		| 25 	| 6
--------+-------+-------+-------+
194 	| 5 		| 30 	| 7
--------+-------+-------+-------+
193 	| 5 		| 35 	| 8
--------+-------+-------+-------+
192 	| 5 		| 40 	| 9
--------+-------+-------+-------+
191 	| 5 		| 45 	| 10
--------+-------+-------+-------+
190 	| 5 		| 50 	| 11
--------+-------+-------+-------+
189 	| 5 		| 55 	| 12
--------+-------+-------+-------+
188 	| 5 		| 60 	| 13
--------+-------+-------+-------+
187 	| 5 		| 65 	| 14
--------+-------+-------+-------+
186 	| 5 		| 70 	| 15
--------+-------+-------+-------+
185 	| 5 		| 75 	| 16
--------+-------+-------+-------+
184 	| 5 		| 80 	| 17
--------+-------+-------+-------+
183 	| 5 		| 85 	| 18
--------+-------+-------+-------+
182 	| 5 		| 90 	| 19
--------+-------+-------+-------+
181 	| 5 		| 95 	| 20
--------+-------+-------+-------+
180 	| 5 		| 100 	| 21
--------+-------+-------+-------+
179 	| 5 		| 105 	| 22
--------+-------+-------+-------+
178 	| 5 		| 110 	| 23
--------+-------+-------+-------+
177 	| 5 		| 115 	| 24
--------+-------+-------+-------+
176 	| 5 		| 120 	| 25
--------+-------+-------+-------+
175 	| 5 		| 125 	| 26
--------+-------+-------+-------+
174 	| 5 		| 130 	| 27
--------+-------+-------+-------+
173 	| 5 		| 135 	| 28
--------+-------+-------+-------+
172 	| 5 		| 140 	| 29
--------+-------+-------+-------+
171 	| 5 		| 145 	| 30
--------+-------+-------+-------+
170 	| 5 		| 150 	| 31
--------+-------+-------+-------+
169 	| 5 		| 155 	| 32
--------+-------+-------+-------+
168 	| 5 		| 160 	| 33
--------+-------+-------+-------+
167 	| 5 		| 165 	| 34
--------+-------+-------+-------+
166 	| 6 		| 4 	| 35
--------+-------+-------+-------+
165 	| 6 		| 10 	| 36
--------+-------+-------+-------+
164 	| 6 		| 16 	| 37
--------+-------+-------+-------+
163 	| 6 		| 22 	| 38
--------+-------+-------+-------+
162 	| 6 		| 28 	| 39
--------+-------+-------+-------+
161 	| 6 		| 34 	| 40
--------+-------+-------+-------+
160 	| 6 		| 40 	| 41
--------+-------+-------+-------+
159 	| 6 		| 46 	| 42
--------+-------+-------+-------+
158 	| 6 		| 52 	| 43
--------+-------+-------+-------+
157 	| 6 		| 58 	| 44
--------+-------+-------+-------+
156 	| 6 		| 64 	| 45
--------+-------+-------+-------+
155 	| 6 		| 70 	| 46
--------+-------+-------+-------+
154 	| 6 		| 76 	| 47
--------+-------+-------+-------+
153 	| 6 		| 82 	| 48
--------+-------+-------+-------+
152 	| 6 		| 88 	| 49
--------+-------+-------+-------+
151 	| 6 		| 94 	| 50
--------+-------+-------+-------+
150 	| 6 		| 100 	| 51
--------+-------+-------+-------+
149 	| 6 		| 106 	| 52
--------+-------+-------+-------+
148 	| 6 		| 112 	| 53
--------+-------+-------+-------+
147 	| 6 		| 118 	| 54
--------+-------+-------+-------+
146 	| 6 		| 124 	| 55
--------+-------+-------+-------+
145 	| 6 		| 130 	| 56
--------+-------+-------+-------+
144 	| 6 		| 136 	| 57
--------+-------+-------+-------+
143 	| 6 		| 142 	| 58
--------+-------+-------+-------+
142 	| 7 		| 6 	| 59
--------+-------+-------+-------+
141 	| 7 		| 13 	| 60
--------+-------+-------+-------+
140 	| 7 		| 20 	| 61
--------+-------+-------+-------+
139 	| 7 		| 27 	| 62
--------+-------+-------+-------+
138 	| 7 		| 34 	| 63
--------+-------+-------+-------+
137 	| 7 		| 41 	| 64
--------+-------+-------+-------+
136 	| 7 		| 48 	| 65
--------+-------+-------+-------+
135 	| 7 		| 55 	| 66
--------+-------+-------+-------+
134 	| 7 		| 62 	| 67
--------+-------+-------+-------+
133 	| 7 		| 69 	| 68
--------+-------+-------+-------+
132 	| 7 		| 76 	| 69
--------+-------+-------+-------+
131 	| 7 		| 83 	| 70
--------+-------+-------+-------+
130 	| 7 		| 90 	| 71
--------+-------+-------+-------+
129 	| 7 		| 97 	| 72
--------+-------+-------+-------+
128 	| 7 		| 104 	| 73
--------+-------+-------+-------+
127 	| 7 		| 111 	| 74
--------+-------+-------+-------+
126 	| 7 		| 118 	| 75
--------+-------+-------+-------+
125 	| 8 		| 0 	| 76
--------+-------+-------+-------+
124 	| 8 		| 8 	| 77
--------+-------+-------+-------+
123 	| 8 		| 16 	| 78
--------+-------+-------+-------+
122 	| 8 		| 24 	| 79
--------+-------+-------+-------+
121 	| 8 		| 32 	| 80
--------+-------+-------+-------+
120 	| 8 		| 40 	| 81
--------+-------+-------+-------+
119 	| 8 		| 48 	| 82
--------+-------+-------+-------+
118 	| 8 		| 56 	| 83
--------+-------+-------+-------+
117 	| 8 		| 64 	| 84
--------+-------+-------+-------+
116 	| 8 		| 72 	| 85
--------+-------+-------+-------+
115 	| 8 		| 80 	| 86
--------+-------+-------+-------+
114 	| 8 		| 88 	| 87
--------+-------+-------+-------+
113 	| 8 		| 96 	| 88
--------+-------+-------+-------+
112 	| 8 		| 104 	| 89
--------+-------+-------+-------+
111 	| 9 		| 1 	| 90
--------+-------+-------+-------+
110 	| 9 		| 10 	| 91
--------+-------+-------+-------+
109 	| 9 		| 19 	| 92
--------+-------+-------+-------+
108 	| 9 		| 28 	| 93
--------+-------+-------+-------+
107 	| 9 		| 37 	| 94
--------+-------+-------+-------+
106 	| 9 		| 46 	| 95
--------+-------+-------+-------+
105 	| 9 		| 55 	| 96
--------+-------+-------+-------+
104 	| 9 		| 64 	| 97
--------+-------+-------+-------+
103 	| 9 		| 73 	| 98
--------+-------+-------+-------+
102 	| 9 		| 82 	| 99
--------+-------+-------+-------+
101 	| 9 		| 91 	| 100
--------+-------+-------+-------+
100 	| 10 		| 0 	| 101
--------+-------+-------+-------+
99 	| 10 		| 10 	| 102
--------+-------+-------+-------+
98 	| 10 		| 20 	| 103
--------+-------+-------+-------+
97 	| 10 		| 30 	| 104
--------+-------+-------+-------+
96 	| 10 		| 40 	| 105
--------+-------+-------+-------+
95 	| 10 		| 50 	| 106
--------+-------+-------+-------+
94 	| 10 		| 60 	| 107
--------+-------+-------+-------+
93 	| 10 		| 70 	| 108
--------+-------+-------+-------+
92 	| 10 		| 80 	| 109
--------+-------+-------+-------+
91 	| 10 		| 90 	| 110
--------+-------+-------+-------+
90 	| 11 		| 10 	| 111
--------+-------+-------+-------+
89 	| 11 		| 21 	| 112
--------+-------+-------+-------+
88 	| 11 		| 32 	| 113
--------+-------+-------+-------+
87 	| 11 		| 43 	| 114
--------+-------+-------+-------+
86 	| 11 		| 54 	| 115
--------+-------+-------+-------+
85 	| 11 		| 65 	| 116
--------+-------+-------+-------+
84 	| 11 		| 76 	| 117
--------+-------+-------+-------+
83 	| 12 		| 4 	| 118
--------+-------+-------+-------+
82 	| 12 		| 16 	| 119
--------+-------+-------+-------+
81 	| 12 		| 28 	| 120
--------+-------+-------+-------+
80 	| 12 		| 40 	| 121
--------+-------+-------+-------+
79 	| 12 		| 52 	| 122
--------+-------+-------+-------+
78 	| 12 		| 64 	| 123
--------+-------+-------+-------+
77 	| 12 		| 76 	| 124
--------+-------+-------+-------+
76 	| 13 		| 12 	| 125
--------+-------+-------+-------+
75 	| 13 		| 25 	| 126
--------+-------+-------+-------+
74 	| 13 		| 38 	| 127
--------+-------+-------+-------+
73 	| 13 		| 51 	| 128
--------+-------+-------+-------+
72 	| 13 		| 64 	| 129
--------+-------+-------+-------+
71 	| 14 		| 6 	| 130
--------+-------+-------+-------+
70 	| 14 		| 20 	| 131
--------+-------+-------+-------+
69 	| 14 		| 34 	| 132
--------+-------+-------+-------+
68 	| 14 		| 48 	| 133
--------+-------+-------+-------+
67 	| 14 		| 62 	| 134
--------+-------+-------+-------+
66 	| 15 		| 10 	| 136
--------+-------+-------+-------+
65 	| 15 		| 25 	| 138
--------+-------+-------+-------+
64 	| 15 		| 40 	| 140
--------+-------+-------+-------+
63 	| 15 		| 55 	| 142
--------+-------+-------+-------+
62 	| 16 		| 8 	| 144
--------+-------+-------+-------+
61 	| 16 		| 24 	| 146
--------+-------+-------+-------+
60 	| 16 		| 40 	| 148
--------+-------+-------+-------+
59 	| 16 		| 56 	| 150
--------+-------+-------+-------+
58 	| 17 		| 14 	| 152
--------+-------+-------+-------+
57 	| 17 		| 31 	| 154
--------+-------+-------+-------+
56 	| 17 		| 48 	| 156
--------+-------+-------+-------+
55 	| 18 		| 10 	| 158
--------+-------+-------+-------+
54 	| 18 		| 28 	| 160
--------+-------+-------+-------+
53 	| 18 		| 46 	| 162
--------+-------+-------+-------+
52 	| 19 		| 12 	| 164
--------+-------+-------+-------+
51 	| 19 		| 31 	| 166
--------+-------+-------+-------+
50 	| 20 		| 0 	| 168
--------+-------+-------+-------+
49 	| 20 		| 20 	| 170
--------+-------+-------+-------+
48 	| 20 		| 40 	| 172
--------+-------+-------+-------+
47 	| 21 		| 13 	| 174
--------+-------+-------+-------+
46 	| 21 		| 34 	| 176
--------+-------+-------+-------+
45 	| 22 		| 10 	| 178
--------+-------+-------+-------+
44 	| 22 		| 32 	| 180
--------+-------+-------+-------+
43 	| 23 		| 11 	| 182
--------+-------+-------+-------+
42 	| 23 		| 34 	| 184
--------+-------+-------+-------+
41 	| 24 		| 16 	| 186
--------+-------+-------+-------+
40 	| 25 		| 0 	| 189
--------+-------+-------+-------+
39 	| 25 		| 25 	| 192
--------+-------+-------+-------+
38 	| 26 		| 12 	| 195
--------+-------+-------+-------+
37 	| 27 		| 1 	| 198
--------+-------+-------+-------+
36 	| 27 		| 28 	| 201
--------+-------+-------+-------+
35 	| 28 		| 20 	| 204
--------+-------+-------+-------+
34 	| 29 		| 14 	| 207
--------+-------+-------+-------+
33 	| 30 		| 10 	| 210
--------+-------+-------+-------+
32 	| 31 		| 8 	| 213
--------+-------+-------+-------+
31 	| 32 		| 8 	| 216
--------+-------+-------+-------+
30 	| 33 		| 10 	| 219
--------+-------+-------+-------+
29 	| 34 		| 14 	| 222
--------+-------+-------+-------+
28 	| 35 		| 20 	| 226
--------+-------+-------+-------+
27 	| 37 		| 1 	| 230
--------+-------+-------+-------+
26 	| 38 		| 12 	| 234
--------+-------+-------+-------+
25 	| 40 		| 0 	| 238
--------+-------+-------+-------+
24 	| 41 		| 16 	| 242
--------+-------+-------+-------+
23 	| 43 		| 11 	| 246
--------+-------+-------+-------+
22 	| 45 		| 10 	| 251
--------+-------+-------+-------+
21 	| 47 		| 13 	| 256
--------+-------+-------+-------+
20 	| 50 		| 0 	| 261
--------+-------+-------+-------+
19 	| 52 		| 12 	| 266
--------+-------+-------+-------+
18 	| 55 		| 10 	| 272
--------+-------+-------+-------+
17 	| 58 		| 14 	| 278
--------+-------+-------+-------+
16 	| 62 		| 8 	| 284
--------+-------+-------+-------+
15 	| 66 		| 10 	| 291
--------+-------+-------+-------+
14 	| 71 		| 6 	| 298
--------+-------+-------+-------+
13 	| 76 		| 12 	| 306
--------+-------+-------+-------+
12 	| 83 		| 4 	| 314
--------+-------+-------+-------+
11 	| 90 		| 10 	| 323
--------+-------+-------+-------+
10 	| 100 		| 0 	| 333
--------+-------+-------+-------+
9 	| 111 		| 1 	| 344
--------+-------+-------+-------+
8 	| 125 		| 0 	| 357
--------+-------+-------+-------+
7 	| 142 		| 6 	| 371
--------+-------+-------+-------+
6 	| 166 		| 4 	| 388
--------+-------+-------+-------+
5 	| 200 		| 0 	| 408
--------+-------+-------+-------+
4 	| 250 		| 0 	| 433
--------+-------+-------+-------+
3 	| 333 		| 1 	| 466
--------+-------+-------+-------+
2 	| 500 		| 0 	| 516
--------+-------+-------+-------+
1 	| 1000 		| 0 	| 616
--------+-------+-------+-------+
